[2025-02-08 16:03:02] | info |: Product - Product documents fetched successfully  | data: {"results":1,"paginationResult":{"currentPage":1,"limit":10,"totalPages":1}}
[2025-02-08 16:32:39] | info |: Product - Product documents fetched successfully  | data: {"results":1,"paginationResult":{"currentPage":1,"limit":10,"totalPages":1}}
[2025-02-12 11:13:24] | error |: Product - Product document fetch failed  | data: {"error":"Operation `products.countDocuments()` buffering timed out after 10000ms"}
[2025-02-12 11:14:12] | info |: Product - Product documents fetched successfully  | data: {"results":1,"paginationResult":{"currentPage":1,"limit":10,"totalPages":1}}
[2025-02-12 11:14:25] | info |: Product - Product document created successfully  | data: {"data":{"title":"Test Product","description":"I am testing the product API.","price":3,"total":15,"quantity":5,"discount":0,"sold":0,"image":[],"category":"67a6f7c9eee9a694fad58f6f","subCategory":[],"_id":"67ac6671e460faa85782181e","createdAt":"2025-02-12T09:14:25.258Z","updatedAt":"2025-02-12T09:14:25.258Z","__v":0}}
[2025-02-16 12:20:49] | info |: Product - Product document created successfully  | data: {"data":{"title":"test1","description":"this is the test one product","price":20,"total":60,"quantity":3,"discount":5,"sold":0,"image":["C:\\Users\\marselhanane\\Desktop\\E-Commerce-api\\uploads\\1739701248908-132817228.png"],"category":"67a6f7c9eee9a694fad58f6f","subCategory":[],"_id":"67b1bc01111aecf7a88d552a","createdAt":"2025-02-16T10:20:49.071Z","updatedAt":"2025-02-16T10:20:49.071Z","__v":0}}
[2025-02-17 18:27:39] | info |: Product - Product documents fetched successfully  | data: {"results":3,"paginationResult":{"currentPage":1,"limit":10,"totalPages":1}}
[2025-02-17 19:30:55] | error |: Product - Product document creation failed  | data: {"error":"Product validation failed: description: Path `description` (`this is for try`) is shorter than the minimum allowed length (20)."}
[2025-02-17 19:33:04] | info |: Product - Product document created successfully  | data: {"data":{"title":"try","description":"this is for try the prodcut","price":2,"total":30,"quantity":15,"discount":0,"sold":0,"images":["C:\\Users\\marselhanane\\Desktop\\E-Commerce-api\\uploads\\1739813584676-312080349.png","C:\\Users\\marselhanane\\Desktop\\E-Commerce-api\\uploads\\1739813584685-248549841.png","C:\\Users\\marselhanane\\Desktop\\E-Commerce-api\\uploads\\1739813584692-397528658.png","C:\\Users\\marselhanane\\Desktop\\E-Commerce-api\\uploads\\1739813584698-789220400.png","C:\\Users\\marselhanane\\Desktop\\E-Commerce-api\\uploads\\1739813584702-233408997.png"],"category":"67a6f7c9eee9a694fad58f6f","subCategory":[],"_id":"67b372d08e84c67a8f5fccb4","createdAt":"2025-02-17T17:33:04.769Z","updatedAt":"2025-02-17T17:33:04.769Z","__v":0}}
[2025-02-18 18:19:00] | info |: Product - Product documents fetched successfully  | data: {"results":4,"paginationResult":{"currentPage":1,"limit":10,"totalPages":1}}
[2025-02-18 18:30:47] | info |: Product - Product documents fetched successfully  | data: {"results":4,"paginationResult":{"currentPage":1,"limit":10,"totalPages":1}}
[2025-02-18 18:31:36] | info |: Product - Product documents fetched successfully  | data: {"results":4,"paginationResult":{"currentPage":1,"limit":10,"totalPages":1}}
[2025-02-18 18:41:56] | info |: Product - Product documents fetched successfully  | data: {"results":4,"paginationResult":{"currentPage":1,"limit":10,"totalPages":1}}
[2025-02-19 06:38:56] | info |: Product - Product document created successfully  | data: {"data":{"title":"tryy","description":"this is for try the prodcut","price":2,"total":30,"quantity":15,"discount":0,"sold":0,"images":[],"category":"67a6f7c9eee9a694fad58f6f","subCategory":[],"_id":"67b560608b65a344daceca53","createdAt":"2025-02-19T04:38:56.660Z","updatedAt":"2025-02-19T04:38:56.660Z","__v":0}}
[2025-02-19 06:39:24] | info |: Product - Product document created successfully  | data: {"data":{"title":"tryy","description":"this is for try the prodcut","price":2,"total":30,"quantity":15,"discount":0,"sold":0,"images":[],"category":"67a6f7c9eee9a694fad58f6f","subCategory":[],"_id":"67b5607c65f2422fd5e2bd48","createdAt":"2025-02-19T04:39:24.794Z","updatedAt":"2025-02-19T04:39:24.794Z","__v":0}}
[2025-02-19 06:39:36] | info |: Product - Product documents fetched successfully  | data: {"results":6,"paginationResult":{"currentPage":1,"limit":10,"totalPages":1}}
[2025-02-19 06:42:19] | info |: Product - Product document deleted successfully  | data: {"data":{"_id":"67b560608b65a344daceca53","title":"tryy","description":"this is for try the prodcut","price":2,"total":30,"quantity":15,"discount":0,"sold":0,"images":[],"category":"67a6f7c9eee9a694fad58f6f","subCategory":[],"createdAt":"2025-02-19T04:38:56.660Z","updatedAt":"2025-02-19T04:38:56.660Z","__v":0}}
[2025-02-19 06:42:22] | info |: Product - Product documents fetched successfully  | data: {"results":5,"paginationResult":{"currentPage":1,"limit":10,"totalPages":1}}
[2025-02-19 06:42:32] | info |: Product - Product document deleted successfully  | data: {"data":{"_id":"67b5607c65f2422fd5e2bd48","title":"tryy","description":"this is for try the prodcut","price":2,"total":30,"quantity":15,"discount":0,"sold":0,"images":[],"category":"67a6f7c9eee9a694fad58f6f","subCategory":[],"createdAt":"2025-02-19T04:39:24.794Z","updatedAt":"2025-02-19T04:39:24.794Z","__v":0}}
[2025-02-19 06:42:35] | info |: Product - Product documents fetched successfully  | data: {"results":4,"paginationResult":{"currentPage":1,"limit":10,"totalPages":1}}
[2025-02-19 06:43:27] | info |: Product - Product document created successfully  | data: {"data":{"title":"tryy","description":"this is for try the prodcut","price":2,"total":30,"quantity":15,"discount":0,"sold":0,"images":["C:\\Users\\marselhanane\\Desktop\\E-Commerce-api\\uploads\\1739940207005-655345529.png"],"category":"67a6f7c9eee9a694fad58f6f","subCategory":[],"_id":"67b5616f42368234d21ddf62","createdAt":"2025-02-19T04:43:27.068Z","updatedAt":"2025-02-19T04:43:27.068Z","__v":0}}
[2025-02-19 06:43:34] | info |: Product - Product documents fetched successfully  | data: {"results":5,"paginationResult":{"currentPage":1,"limit":10,"totalPages":1}}
[2025-02-19 06:44:39] | info |: Product - Product document created successfully  | data: {"data":{"title":"teste","description":"this is for try the prodcut","price":2,"total":30,"quantity":15,"discount":0,"sold":0,"images":["C:\\Users\\marselhanane\\Desktop\\E-Commerce-api\\uploads\\1739940279582-989393783.png"],"category":"67a6f7c9eee9a694fad58f6f","subCategory":[],"_id":"67b561b7a68d6e719f3359fa","createdAt":"2025-02-19T04:44:39.648Z","updatedAt":"2025-02-19T04:44:39.648Z","__v":0}}
[2025-02-19 07:30:58] | info |: Product - Product documents fetched successfully  | data: {"results":6,"paginationResult":{"currentPage":1,"limit":10,"totalPages":1}}
[2025-02-21 09:51:49] | info |: Product - Product document created successfully  | data: {"data":{"title":"teste","description":"this is for try the prodcut","price":2,"total":30,"quantity":15,"discount":0,"sold":0,"images":[],"category":"67a6f7c9eee9a694fad58f6f","subCategory":[],"_id":"67b83095d0b06ffb356b4275","createdAt":"2025-02-21T07:51:49.095Z","updatedAt":"2025-02-21T07:51:49.095Z","__v":0}}
[2025-02-21 09:51:49] | error |: Product - Product document creation failed  | data: {"error":"Cannot set headers after they are sent to the client"}
[2025-02-21 09:52:04] | info |: Product - Product document created successfully  | data: {"data":{"title":"teste","description":"this is for try the prodcut","price":2,"total":30,"quantity":15,"discount":0,"sold":0,"images":[],"category":"67a6f7c9eee9a694fad58f6f","subCategory":[],"_id":"67b830a4d0b06ffb356b427d","createdAt":"2025-02-21T07:52:04.665Z","updatedAt":"2025-02-21T07:52:04.665Z","__v":0}}
[2025-02-21 09:52:04] | error |: Product - Product document creation failed  | data: {"error":"Cannot set headers after they are sent to the client"}
[2025-02-21 09:52:37] | info |: Product - Product document created successfully  | data: {"data":{"title":"teste","description":"this is for try the prodcut","price":2,"total":30,"quantity":15,"discount":0,"sold":0,"images":[],"category":"67a6f7c9eee9a694fad58f6f","subCategory":[],"_id":"67b830c5d0b06ffb356b4285","createdAt":"2025-02-21T07:52:37.936Z","updatedAt":"2025-02-21T07:52:37.936Z","__v":0}}
[2025-02-21 09:52:37] | error |: Product - Product document creation failed  | data: {"error":"Cannot set headers after they are sent to the client"}
[2025-02-21 09:54:45] | info |: Product - Product document created successfully  | data: {"data":{"title":"teste","description":"this is for try the prodcut","price":2,"total":30,"quantity":15,"discount":0,"sold":0,"images":[],"category":"67a6f7c9eee9a694fad58f6f","subCategory":[],"_id":"67b831451f25619ca8ae3b6b","createdAt":"2025-02-21T07:54:45.123Z","updatedAt":"2025-02-21T07:54:45.123Z","__v":0}}
[2025-02-21 09:54:45] | error |: Product - Product document creation failed  | data: {"error":"Cannot set headers after they are sent to the client"}
[2025-02-21 09:55:02] | info |: Product - Product document created successfully  | data: {"data":{"title":"teste","description":"this is for try the prodcut","price":2,"total":30,"quantity":15,"discount":0,"sold":0,"images":[],"category":"67a6f7c9eee9a694fad58f6f","subCategory":[],"_id":"67b83156c751e7ef9b52fd9b","createdAt":"2025-02-21T07:55:02.575Z","updatedAt":"2025-02-21T07:55:02.575Z","__v":0}}
[2025-02-21 09:55:02] | error |: Product - Product document creation failed  | data: {"error":"Cannot set headers after they are sent to the client"}
[2025-02-21 10:14:04] | info |: Product - Product documents fetched successfully  | data: {"results":10,"paginationResult":{"currentPage":1,"limit":10,"totalPages":2,"hasNextPage":true,"nextPage":2}}
[2025-02-21 10:14:11] | info |: Product - Product document deleted successfully  | data: {"data":{"_id":"67b83156c751e7ef9b52fd9b","title":"teste","description":"this is for try the prodcut","price":2,"total":30,"quantity":15,"discount":0,"sold":0,"images":[],"category":"67a6f7c9eee9a694fad58f6f","subCategory":[],"createdAt":"2025-02-21T07:55:02.575Z","updatedAt":"2025-02-21T07:55:02.575Z","__v":0}}
[2025-02-21 10:19:58] | info |: Product - Product documents fetched successfully  | data: {"results":10,"paginationResult":{"currentPage":1,"limit":10,"totalPages":1}}
[2025-02-21 10:21:13] | info |: Product - Product document created successfully  | data: {"data":{"title":"tes","description":"this is for try the prodcut","price":2,"total":30,"quantity":15,"discount":0,"sold":0,"images":[],"category":"67b833e120175e22d6f9fba5","subCategory":[],"_id":"67b83779bc49a09858104b7d","createdAt":"2025-02-21T08:21:13.589Z","updatedAt":"2025-02-21T08:21:13.589Z","__v":0}}
[2025-02-21 10:23:54] | info |: Product - Product document updated successfully  | data: {"data":{"_id":"67b83779bc49a09858104b7d","title":"tes","description":"this is for try the prodcut","price":2,"total":30,"quantity":15,"discount":0,"sold":0,"images":[],"category":"67b833e120175e22d6f9fba5","subCategory":[],"createdAt":"2025-02-21T08:21:13.589Z","updatedAt":"2025-02-21T08:23:54.824Z","__v":0}}
