[2025-02-08 19:28:01] | warn |:  - Invalid sign-in attempt: Incorrect password for user with username 'Marsel' 
[2025-02-08 19:28:08] | warn |:  - Invalid sign-in attempt: Incorrect password for user with username 'Marsel' 
[2025-02-08 19:28:54] | warn |:  - Invalid sign-in attempt: Incorrect password for user with username 'Marsel' 
[2025-02-08 19:34:18] | info |:  - User 'Marsel' signed in successfully 
[2025-02-08 19:40:16] | info |:  - User profile retrieved for user ID: undefined 
[2025-02-08 19:40:36] | info |:  - User profile retrieved for user ID: undefined 
[2025-02-08 19:41:26] | info |:  - User profile retrieved for user ID: undefined 
[2025-02-08 19:41:26] | error |:  - Error retrieving user profile for user ID: undefined  | data: {"code":"ERR_HTTP_HEADERS_SENT"}
[2025-02-08 19:42:48] | info |:  - User profile retrieved for user ID: undefined 
[2025-02-08 19:42:48] | error |:  - Error retrieving user profile for user ID: undefined  | data: {"code":"ERR_HTTP_HEADERS_SENT"}
[2025-02-08 19:43:18] | info |:  - User profile retrieved for user ID: undefined 
[2025-02-08 19:43:18] | error |:  - Error retrieving user profile for user ID: undefined  | data: {"code":"ERR_HTTP_HEADERS_SENT"}
[2025-02-08 19:44:46] | info |:  - User profile retrieved for user ID: undefined 
[2025-02-08 19:44:46] | error |:  - Error retrieving user profile for user ID: undefined  | data: {"code":"ERR_HTTP_HEADERS_SENT"}
[2025-02-08 19:46:47] | error |:  - User ID is undefined in the request object. 
[2025-02-08 19:51:11] | info |:  - User profile retrieved for user ID: 67a7958ee669c380271b0bbe 
[2025-02-08 19:51:44] | info |:  - User profile retrieved for user ID: 67a7958ee669c380271b0bbe 
[2025-02-08 19:52:01] | error |:  - Error retrieving user profile for user ID: 67a7958ee669c380271b0bbe  | data: {"error":"Cannot do exclusion on field __v in inclusion projection"}
[2025-02-08 19:52:09] | error |:  - Error retrieving user profile for user ID: 67a7958ee669c380271b0bbe  | data: {"error":"Cannot do exclusion on field __v in inclusion projection"}
[2025-02-08 19:52:16] | error |:  - Error retrieving user profile for user ID: 67a7958ee669c380271b0bbe  | data: {"error":"Cannot do exclusion on field _ in inclusion projection"}
[2025-02-08 19:52:24] | error |:  - Error retrieving user profile for user ID: 67a7958ee669c380271b0bbe  | data: {"error":"Cannot do exclusion on field __V in inclusion projection"}
[2025-02-08 19:52:35] | info |:  - User profile retrieved for user ID: 67a7958ee669c380271b0bbe 
[2025-02-08 19:53:45] | error |:  - Error signing up user: User validation failed: role: Cast to ObjectId failed for value "User" (type string) at path "role" because of "BSONError" 
[2025-02-08 19:57:28] | error |:  - Error signing up user: Invalid status code: undefined 
[2025-02-08 19:58:31] | error |:  - Error signing up user: E11000 duplicate key error collection: E-Commerce-api.users index: username_1 dup key: { username: "Mohammad" } 
[2025-02-08 19:58:42] | error |:  - Error signing up user: E11000 duplicate key error collection: E-Commerce-api.users index: username_1 dup key: { username: "Mohammad" } 
[2025-02-08 20:00:53] | error |:  - Error signing up user: E11000 duplicate key error collection: E-Commerce-api.users index: username_1 dup key: { username: "Mohammad" } 
[2025-02-08 20:02:00] | error |:  - Error signing up user: Invalid status code: undefined 
[2025-02-08 20:03:34] | error |:  - Error signing up user: E11000 duplicate key error collection: E-Commerce-api.users index: email_1 dup key: { email: "mohammad@gmail.com" } 
[2025-02-08 20:03:54] | error |:  - Error signing up user: E11000 duplicate key error collection: E-Commerce-api.users index: phone_1 dup key: { phone: null } 
[2025-02-08 20:04:45] | error |:  - Error signing up user: User validation failed: email: Path `email` is required. 
[2025-02-08 20:05:06] | error |:  - Error signing up user: E11000 duplicate key error collection: E-Commerce-api.users index: phone_1 dup key: { phone: null } 
[2025-02-08 20:07:19] | error |:  - Error signing up user: E11000 duplicate key error collection: E-Commerce-api.users index: phone_1 dup key: { phone: null } 
[2025-02-08 20:07:55] | error |:  - Error signing up user: E11000 duplicate key error collection: E-Commerce-api.users index: phone_1 dup key: { phone: null } 
[2025-02-08 20:12:58] | info |:  - User 'Marsel' signed in successfully 
[2025-02-08 20:13:08] | info |:  - User profile retrieved for user ID: 67a79e85914e461346abcf14 
[2025-02-09 06:52:05] | warn |:  - Invalid forget-password attempt: User with email 'marselHanani1@gmial.com' not found 
[2025-02-09 06:52:05] | error |:  - Error sending forget-password email: Invalid email 
[2025-02-09 06:53:13] | warn |:  - Invalid forget-password attempt: User with email 'marselHanani1@gmial.com' not found 
[2025-02-09 06:53:13] | error |:  - Error sending forget-password email: Invalid email 
[2025-02-09 06:53:57] | error |:  - Error sending forget-password email: Failed to send email 
[2025-02-09 06:58:47] | info |:  - User 'Marcel' signed in successfully 
[2025-02-09 06:59:26] | error |:  - Error sending forget-password email: Failed to send email 
[2025-02-09 07:05:34] | error |:  - Error sending forget-password email: Failed to send email 
[2025-02-09 07:07:33] | error |:  - Error sending forget-password email: Failed to send email 
[2025-02-09 07:07:49] | error |:  - Error sending forget-password email: Failed to send email 
[2025-02-09 07:08:05] | error |:  - Error sending forget-password email: Failed to send email 
[2025-02-09 07:10:58] | error |:  - Error sending forget-password email: Failed to send email 
[2025-02-09 07:12:47] | error |:  - Error sending forget-password email: Failed to send email 
[2025-02-09 07:24:17] | error |:  - Error sending forget-password email: Failed to send email 
[2025-02-09 07:38:12] | error |:  - Error sending forget-password email: Failed to send email 
[2025-02-09 07:40:40] | error |:  - Error sending forget-password email: Failed to send email 
[2025-02-10 07:13:44] | error |:  - Error sending forget-password email: Failed to send email 
[2025-02-10 09:01:58] | error |:  - Error sending forget-password email: Email sending failed 
[2025-02-10 09:02:21] | error |:  - Error sending forget-password email: Email sending failed 
[2025-02-10 09:25:12] | info |:  - User 'Marcel' signed in successfully 
[2025-02-10 09:26:30] | error |:  - Error sending forget-password email: Email sending failed 
[2025-02-10 09:27:24] | error |:  - Error sending forget-password email: Email sending failed: {"message":"Forbidden","code":403,"response":{"headers":{"server":"nginx","date":"Mon, 10 Feb 2025 07:27:24 GMT","content-type":"application/json","content-length":"281","connection":"keep-alive","access-control-allow-origin":"https://sendgrid.api-docs.io","access-control-allow-methods":"POST","access-control-allow-headers":"Authorization, Content-Type, On-behalf-of, x-sg-elas-acl","access-control-max-age":"600","x-no-cors-reason":"https://sendgrid.com/docs/Classroom/Basics/API/cors.html","strict-transport-security":"max-age=31536000; includeSubDomains","content-security-policy":"frame-ancestors 'none'","cache-control":"no-cache","x-content-type-options":"no-sniff","referrer-policy":"strict-origin-when-cross-origin"},"body":{"errors":[{"message":"The from address does not match a verified Sender Identity. Mail cannot be sent until this error is resolved. Visit https://sendgrid.com/docs/for-developers/sending-email/sender-identity/ to see the Sender Identity requirements","field":"from","help":null}]}}} 
[2025-02-10 09:43:25] | info |:  - User 'Marcel' signed in successfully 
[2025-02-10 09:53:41] | warn |:  - Invalid sign-in attempt: Incorrect password for user with username 'Marcel' 
[2025-02-10 09:53:50] | info |:  - User 'Marcel' signed in successfully 
[2025-02-10 09:54:03] | info |:  - User profile retrieved for user ID: 67a9b07055b60e1137124c1b 
[2025-02-10 09:58:05] | info |:  - User 'Marcel' signed in successfully 
[2025-02-16 07:35:58] | warn |:  - Invalid forget-password attempt: User with email 'marselWork29@gmail.com' not found 
[2025-02-16 07:35:58] | error |:  - Error sending forget-password email: Invalid email 
[2025-02-16 08:49:34] | info |:  - User 'Marcel' signed in successfully 
[2025-02-16 09:27:29] | info |:  - User 'Marcel' signed in successfully 
[2025-02-21 09:51:11] | info |:  - User 'Marsel' signed in successfully 
