[2025-02-08 18:06:56] | error |: User - User document fetch failed  | data: {"error":"populateOptions.forEach is not a function"}
[2025-02-08 18:20:40] | info |: User - User document created successfully  | data: {"data":{"username":"Marsel","email":"marsel@gmail.com","phone":"0568478648","password":"marsel123","role":"67a783cb6a710e3db60ad715","status":"inactive","_id":"67a784586a710e3db60ad71d","createdAt":"2025-02-08T16:20:40.261Z","updatedAt":"2025-02-08T16:20:40.261Z","__v":0}}
[2025-02-08 18:20:51] | error |: User - User document fetch failed  | data: {"error":"populateOptions.forEach is not a function"}
[2025-02-08 18:20:57] | error |: User - User document fetch failed  | data: {"error":"populateOptions.forEach is not a function"}
[2025-02-08 18:21:27] | info |: User - User document fetched successfully  | data: {"data":{"_id":"67a784586a710e3db60ad71d","username":"Marsel","email":"marsel@gmail.com","phone":"0568478648","password":"marsel123","role":"67a783cb6a710e3db60ad715","status":"inactive","createdAt":"2025-02-08T16:20:40.261Z","updatedAt":"2025-02-08T16:20:40.261Z","__v":0}}
[2025-02-08 18:21:47] | info |: User - User document updated successfully  | data: {"data":{"_id":"67a784586a710e3db60ad71d","username":"Marsel","email":"marsel@gmail.com","phone":"0568478648","password":"marsel123","role":"67a783cb6a710e3db60ad715","status":"inactive","createdAt":"2025-02-08T16:20:40.261Z","updatedAt":"2025-02-08T16:21:47.241Z","__v":0}}
[2025-02-08 18:21:54] | error |: User - User document fetch failed  | data: {"error":"populateOptions.forEach is not a function"}
[2025-02-08 18:23:28] | error |: User - User document fetch failed  | data: {"error":"populateOptions.forEach is not a function"}
[2025-02-08 18:23:52] | error |: User - User document fetch failed  | data: {"error":"Cannot populate path `Role` because it is not in your schema. Set the `strictPopulate` option to false to override."}
[2025-02-08 18:23:59] | info |: User - User documents fetched successfully  | data: {"results":1,"paginationResult":{"currentPage":1,"limit":10,"totalPages":1}}
[2025-02-08 18:24:19] | error |: User - User document fetch failed  | data: {"error":"populateOptions.forEach is not a function"}
[2025-02-08 18:24:26] | error |: User - User document fetch failed  | data: {"error":"populateOptions.forEach is not a function"}
[2025-02-08 18:24:37] | error |: User - User document fetch failed  | data: {"error":"populateOptions.forEach is not a function"}
[2025-02-08 18:24:50] | error |: User - User document fetch failed  | data: {"error":"populateOptions.forEach is not a function"}
[2025-02-08 18:24:58] | info |: User - User documents fetched successfully  | data: {"results":1,"paginationResult":{"currentPage":1,"limit":10,"totalPages":1}}
[2025-02-08 19:28:45] | info |: User - User document updated successfully  | data: {"data":{"_id":"67a784586a710e3db60ad71d","username":"Marsel","email":"marsel@gmail.com","phone":"0568478648","password":"marsel123","role":"67a783cb6a710e3db60ad715","status":"inactive","createdAt":"2025-02-08T16:20:40.261Z","updatedAt":"2025-02-08T17:28:45.454Z","__v":0}}
[2025-02-08 19:31:37] | info |: User - User documents fetched successfully  | data: {"results":1,"paginationResult":{"currentPage":1,"limit":10,"totalPages":1}}
[2025-02-08 19:33:32] | info |: User - User document deleted successfully  | data: {"data":{"_id":"67a784586a710e3db60ad71d","username":"Marsel","email":"marsel@gmail.com","phone":"0568478648","password":"marsel123","role":"67a783cb6a710e3db60ad715","status":"inactive","createdAt":"2025-02-08T16:20:40.261Z","updatedAt":"2025-02-08T17:28:45.454Z","__v":0}}
[2025-02-08 19:34:06] | info |: User - User document created successfully  | data: {"data":{"username":"Marsel","email":"marsel@gmail.com","phone":"0568478648","password":"$2b$10$xIPH72nA3SYGsZSV5DgYF.er194Ipd.GnswDVy6q0tasi2fjyjsZO","role":"67a783cb6a710e3db60ad715","status":"inactive","_id":"67a7958ee669c380271b0bbe","createdAt":"2025-02-08T17:34:06.260Z","updatedAt":"2025-02-08T17:34:06.260Z","__v":0}}
[2025-02-08 19:34:12] | info |: User - User documents fetched successfully  | data: {"results":1,"paginationResult":{"currentPage":1,"limit":10,"totalPages":1}}
[2025-02-08 20:01:41] | info |: User - User documents fetched successfully  | data: {"results":2,"paginationResult":{"currentPage":1,"limit":10,"totalPages":1}}
[2025-02-08 20:01:56] | info |: User - User document deleted successfully  | data: {"data":{"_id":"67a79b0887f4656dd20bcd7e","username":"Mohammad","email":"mohammad@gmail.com","password":"$2b$10$9vlSkgozOBcMuR6BjigRweV6sEC1qeFmOw0isl25BSUEfkfsV0ey2","role":"67a79adb2444ca132a82900e","status":"inactive","createdAt":"2025-02-08T17:57:28.511Z","updatedAt":"2025-02-08T17:57:28.511Z","__v":0}}
[2025-02-08 20:02:07] | info |: User - User documents fetched successfully  | data: {"results":2,"paginationResult":{"currentPage":1,"limit":10,"totalPages":1}}
[2025-02-08 20:04:06] | info |: User - User documents fetched successfully  | data: {"results":2,"paginationResult":{"currentPage":1,"limit":10,"totalPages":1}}
[2025-02-08 20:08:07] | info |: User - User documents fetched successfully  | data: {"results":2,"paginationResult":{"currentPage":1,"limit":10,"totalPages":1}}
[2025-02-08 20:12:12] | info |: User - User documents fetched successfully  | data: {"results":1,"paginationResult":{"currentPage":1,"limit":10,"totalPages":1}}
[2025-02-08 20:12:21] | info |: User - User document created successfully  | data: {"data":{"username":"Marsel","email":"marsel@gmail.com","phone":"0568478648","password":"$2b$10$cM8PLO1ZeasPF2Br2TCbHebq/VN5nHWupYG1prcqW7rA.Ei1glP3q","role":"67a783cb6a710e3db60ad715","status":"inactive","_id":"67a79e85914e461346abcf14","createdAt":"2025-02-08T18:12:21.781Z","updatedAt":"2025-02-08T18:12:21.781Z","__v":0}}
[2025-02-08 20:12:29] | info |: User - User documents fetched successfully  | data: {"results":2,"paginationResult":{"currentPage":1,"limit":10,"totalPages":1}}
[2025-02-09 06:51:51] | info |: User - User documents fetched successfully  | data: {"results":3,"paginationResult":{"currentPage":1,"limit":10,"totalPages":1}}
[2025-02-09 06:53:43] | info |: User - User documents fetched successfully  | data: {"results":3,"paginationResult":{"currentPage":1,"limit":10,"totalPages":1}}
[2025-02-09 06:59:02] | info |: User - User documents fetched successfully  | data: {"results":3,"paginationResult":{"currentPage":1,"limit":10,"totalPages":1}}
[2025-02-10 09:01:02] | info |: User - User documents fetched successfully  | data: {"results":3,"paginationResult":{"currentPage":1,"limit":10,"totalPages":1}}
[2025-02-10 09:01:16] | info |: User - User document deleted successfully  | data: {"data":{"_id":"67a835f3a2277f7a419900ad","username":"Marcel","email":"MarselHanani1@gmail.com","password":"$2b$10$4UM6hIK4QQQutvKxloC.c.HH/hEquoYlvL5tKQ3hkVsy27AbsJG6K","role":"67a79adb2444ca132a82900e","status":"inactive","createdAt":"2025-02-09T04:58:27.093Z","updatedAt":"2025-02-10T05:13:43.167Z","__v":0,"resetPasswordExpire":"2025-02-10T06:13:43.164Z","resetPasswordToken":"58d8277f389a506a63f2d701e4b7316958411393d87713e6b523dcdbdfd02182"}}
[2025-02-10 09:01:23] | error |: User - User document creation failed  | data: {"error":"E11000 duplicate key error collection: E-Commerce-api.users index: username_1 dup key: { username: \"Marsel\" }"}
[2025-02-10 09:24:24] | info |: User - User documents fetched successfully  | data: {"results":3,"paginationResult":{"currentPage":1,"limit":10,"totalPages":1}}
[2025-02-10 09:24:31] | info |: User - User document deleted successfully  | data: {"data":{"_id":"67a9a45b4715d2580089ab39","username":"Marcel","email":"MarselHanani1@gmail.com","password":"$2b$10$6G9.kQ1wnGlMfh6.rmTI.OSq2KphnX/rivVjIOYV.EYfSZEylsT66","role":"67a79adb2444ca132a82900e","status":"inactive","createdAt":"2025-02-10T07:01:47.818Z","updatedAt":"2025-02-10T07:02:20.840Z","__v":0,"resetPasswordExpire":"2025-02-10T08:02:20.837Z","resetPasswordToken":"e537254de777551f532bd76070fb7bc5bc2a7daabc138303bc2f91d8f92d5c66"}}
[2025-02-10 09:53:06] | info |: User - User documents fetched successfully  | data: {"results":3,"paginationResult":{"currentPage":1,"limit":10,"totalPages":1}}
[2025-02-10 09:53:13] | info |: User - User document deleted successfully  | data: {"data":{"_id":"67a9a9c775c2ce0ef1ef06d2","username":"Marcel","email":"marselWork29@gmail.com","password":"$2b$10$unMsOfJEVn7obAMRNTaiuukXtUaVBzLfa95To4a0d.HjYIc6JSDt6","role":"67a79adb2444ca132a82900e","status":"inactive","createdAt":"2025-02-10T07:24:55.515Z","updatedAt":"2025-02-10T07:43:12.629Z","__v":0}}
[2025-02-10 11:04:53] | info |: User - User documents fetched successfully  | data: {"results":4,"paginationResult":{"currentPage":1,"limit":10,"totalPages":1}}
[2025-02-10 11:06:33] | info |: User - User documents fetched successfully  | data: {"results":4,"paginationResult":{"currentPage":1,"limit":10,"totalPages":1}}
[2025-02-10 11:07:05] | info |: User - User documents fetched successfully  | data: {"results":4,"paginationResult":{"currentPage":1,"limit":10,"totalPages":1}}
[2025-02-10 11:07:13] | info |: User - User document deleted successfully  | data: {"data":{"_id":"67a9c0e363a47fa27b707eb0","username":"Marcl","email":"marselWork@gmail.com","password":"$2b$10$eev5BvWnVe/v6CJKiU3.T.XIeNSQC6W3xhkUOYVGJ827nXrVbxYfa","role":"67a79adb2444ca132a82900e","status":"pending","verificationCode":"769033","verificationExpire":"2025-02-10T09:13:31.101Z","createdAt":"2025-02-10T09:03:31.107Z","updatedAt":"2025-02-10T09:03:31.107Z","__v":0}}
[2025-02-10 11:08:03] | info |: User - User documents fetched successfully  | data: {"results":4,"paginationResult":{"currentPage":1,"limit":10,"totalPages":1}}
[2025-02-10 11:08:36] | info |: User - User documents fetched successfully  | data: {"results":3,"paginationResult":{"currentPage":1,"limit":10,"totalPages":1}}
[2025-02-10 11:16:40] | info |: User - User documents fetched successfully  | data: {"results":4,"paginationResult":{"currentPage":1,"limit":10,"totalPages":1}}
[2025-02-10 11:16:54] | info |: User - User document deleted successfully  | data: {"data":{"_id":"67a9b07055b60e1137124c1b","username":"Marcel","email":"marselWork29@gmail.com","password":"$2b$10$PSY0V478J/Rk4EZsCurLe.taIGVMxMTTaaNRunBPFUDCLQYzQa2aS","role":"67a79adb2444ca132a82900e","status":"inactive","createdAt":"2025-02-10T07:53:20.902Z","updatedAt":"2025-02-10T07:57:52.877Z","__v":0}}
[2025-02-10 11:16:57] | info |: User - User documents fetched successfully  | data: {"results":3,"paginationResult":{"currentPage":1,"limit":10,"totalPages":1}}
[2025-02-10 11:22:03] | info |: User - User documents fetched successfully  | data: {"results":4,"paginationResult":{"currentPage":1,"limit":10,"totalPages":1}}
[2025-02-10 11:22:19] | info |: User - User document deleted successfully  | data: {"data":{"_id":"67a9c436a50122a1e0b80deb","username":"Marcel","email":"marselWork29@gmail.com","password":"$2b$10$sIngLcRSmtiJNiituvR1G.MjEbTVxJZWUeak7KX4Be93GbkFoA1i6","role":"67a79adb2444ca132a82900e","status":"active","createdAt":"2025-02-10T09:17:42.058Z","updatedAt":"2025-02-10T09:21:12.344Z","__v":0}}
[2025-02-10 11:24:12] | info |: User - User documents fetched successfully  | data: {"results":3,"paginationResult":{"currentPage":1,"limit":10,"totalPages":1}}
[2025-02-10 11:24:22] | info |: User - User documents fetched successfully  | data: {"results":4,"paginationResult":{"currentPage":1,"limit":10,"totalPages":1}}
[2025-02-10 11:33:30] | info |: User - User documents fetched successfully  | data: {"results":4,"paginationResult":{"currentPage":1,"limit":10,"totalPages":1}}
[2025-02-10 11:34:56] | info |: User - User documents fetched successfully  | data: {"results":4,"paginationResult":{"currentPage":1,"limit":10,"totalPages":1}}
[2025-02-10 11:35:26] | info |: User - User document deleted successfully  | data: {"data":{"_id":"67a9c5c22757a1e61931ede5","username":"Marcel","email":"marselWork29@gmail.com","password":"$2b$10$c2Vje2KO3BH1t1Q02IDbTuG2nxdh3YyK.lm9UAsbjlDMul9tZwvhm","role":"67a79adb2444ca132a82900e","status":"active","createdAt":"2025-02-10T09:24:18.540Z","updatedAt":"2025-02-10T09:24:53.866Z","__v":0}}
[2025-02-10 11:38:39] | info |: User - User documents fetched successfully  | data: {"results":4,"paginationResult":{"currentPage":1,"limit":10,"totalPages":1}}
[2025-02-10 11:38:49] | info |: User - User document deleted successfully  | data: {"data":{"_id":"67a9c865c624b22861188bbc","username":"Marcel","email":"marselWork29@gmail.com","password":"$2b$10$o9lumcArWJFEIvVwPix1o.lBKNHnQ207xxw84f7xV.i.AtU/48v3S","role":"67a79adb2444ca132a82900e","status":"active","createdAt":"2025-02-10T09:35:33.640Z","updatedAt":"2025-02-10T09:37:15.987Z","__v":0}}
[2025-02-10 11:39:30] | info |: User - User documents fetched successfully  | data: {"results":3,"paginationResult":{"currentPage":1,"limit":10,"totalPages":1}}
[2025-02-16 06:39:16] | info |: User - User documents fetched successfully  | data: {"results":3,"paginationResult":{"currentPage":1,"limit":10,"totalPages":1}}
[2025-02-16 06:39:28] | info |: User - User document deleted successfully  | data: {"data":{"_id":"67a9c92df83eb70507eaec39","username":"Marcel","email":"marselWork29@gmail.com","password":"$2b$10$qoxInWcGYCL.HAu6Th97ne55wh.T/j/1hkdj7Nh5ilrEL.9b0tUmK","role":"67a79adb2444ca132a82900e","status":"active","createdAt":"2025-02-10T09:38:53.502Z","updatedAt":"2025-02-10T09:39:19.494Z","__v":0}}
[2025-02-16 06:40:13] | info |: User - User documents fetched successfully  | data: {"results":3,"paginationResult":{"currentPage":1,"limit":10,"totalPages":1}}
[2025-02-16 06:41:14] | info |: User - User documents fetched successfully  | data: {"results":3,"paginationResult":{"currentPage":1,"limit":10,"totalPages":1}}
[2025-02-16 06:59:52] | info |: User - User document deleted successfully  | data: {"data":{"_id":"67b16c21e94fb890d1f0b62f","username":"Marcel","email":"marselWork29@gmail.com","password":"$2b$10$IdxnaW3oHnuiJPBOOuoEguVJcpJi9Qp5fxzoa6dm3wY61u.yfPzf.","role":"67a79adb2444ca132a82900e","status":"active","createdAt":"2025-02-16T04:40:01.529Z","updatedAt":"2025-02-16T04:41:04.811Z","__v":0}}
[2025-02-16 07:00:24] | info |: User - User documents fetched successfully  | data: {"results":3,"paginationResult":{"currentPage":1,"limit":10,"totalPages":1}}
[2025-02-16 07:04:55] | info |: User - User documents fetched successfully  | data: {"results":3,"paginationResult":{"currentPage":1,"limit":10,"totalPages":1}}
[2025-02-16 07:05:10] | info |: User - User document deleted successfully  | data: {"data":{"_id":"67b170d67c9c0baf4126dbdb","username":"Marcel","email":"marselWork29@gmail.com","password":"$2b$10$iqdHwsX8DIZa7joMiqwD/.EiuLyRU23PFZF7KC7096WFIEieXgVAy","role":"67a79adb2444ca132a82900e","status":"active","createdAt":"2025-02-16T05:00:06.520Z","updatedAt":"2025-02-16T05:02:29.429Z","__v":0}}
[2025-02-16 07:05:18] | info |: User - User documents fetched successfully  | data: {"results":3,"paginationResult":{"currentPage":1,"limit":10,"totalPages":1}}
[2025-02-16 07:11:23] | info |: User - User documents fetched successfully  | data: {"results":3,"paginationResult":{"currentPage":1,"limit":10,"totalPages":1}}
[2025-02-16 07:11:48] | info |: User - User documents fetched successfully  | data: {"results":3,"paginationResult":{"currentPage":1,"limit":10,"totalPages":1}}
[2025-02-16 07:12:35] | info |: User - User document deleted successfully  | data: {"data":{"_id":"67b1720a5bc0bb1edb14c228","username":"Marcel","email":"marselWork29@gmail.com","password":"$2b$10$Zm9teX5JqROpXinHRBuHmOT7pSKT4gRqMkMFucLehsbP/U6xSI0qW","role":"67a79adb2444ca132a82900e","status":"pending","verificationCode":"763171","verificationExpire":"2025-02-16T05:10:14.529Z","createdAt":"2025-02-16T05:05:14.533Z","updatedAt":"2025-02-16T05:05:14.533Z","__v":0}}
[2025-02-16 07:12:44] | info |: User - User documents fetched successfully  | data: {"results":3,"paginationResult":{"currentPage":1,"limit":10,"totalPages":1}}
[2025-02-16 07:12:58] | info |: User - User documents fetched successfully  | data: {"results":3,"paginationResult":{"currentPage":1,"limit":10,"totalPages":1}}
[2025-02-16 07:31:46] | info |: User - User documents fetched successfully  | data: {"results":3,"paginationResult":{"currentPage":1,"limit":10,"totalPages":1}}
[2025-02-16 07:31:56] | info |: User - User document deleted successfully  | data: {"data":{"_id":"67b173c84f174c9abe6b9aba","username":"Marcel","email":"marselWork29@gmail.com","password":"$2b$10$0G20G5xf0o0MQmB.1qKd1u82uydSu9YEoE/M3pW0b21PfjoPFvo1i","role":"67a79adb2444ca132a82900e","status":"active","createdAt":"2025-02-16T05:12:40.330Z","updatedAt":"2025-02-16T05:27:22.041Z","__v":0}}
[2025-02-16 07:32:50] | info |: User - User documents fetched successfully  | data: {"results":3,"paginationResult":{"currentPage":1,"limit":10,"totalPages":1}}
[2025-02-16 07:33:17] | info |: User - User documents fetched successfully  | data: {"results":3,"paginationResult":{"currentPage":1,"limit":10,"totalPages":1}}
[2025-02-16 07:35:53] | info |: User - User documents fetched successfully  | data: {"results":3,"paginationResult":{"currentPage":1,"limit":10,"totalPages":1}}
[2025-02-16 07:36:16] | info |: User - User documents fetched successfully  | data: {"results":3,"paginationResult":{"currentPage":1,"limit":10,"totalPages":1}}
[2025-02-16 07:38:30] | info |: User - User documents fetched successfully  | data: {"results":3,"paginationResult":{"currentPage":1,"limit":10,"totalPages":1}}
[2025-02-16 07:38:46] | info |: User - User documents fetched successfully  | data: {"results":3,"paginationResult":{"currentPage":1,"limit":10,"totalPages":1}}
[2025-02-16 07:39:14] | info |: User - User documents fetched successfully  | data: {"results":3,"paginationResult":{"currentPage":1,"limit":10,"totalPages":1}}
[2025-02-16 07:42:13] | info |: User - User documents fetched successfully  | data: {"results":3,"paginationResult":{"currentPage":1,"limit":10,"totalPages":1}}
[2025-02-16 07:42:20] | info |: User - User documents fetched successfully  | data: {"results":3,"paginationResult":{"currentPage":1,"limit":10,"totalPages":1}}
[2025-02-16 07:45:04] | info |: User - User documents fetched successfully  | data: {"results":3,"paginationResult":{"currentPage":1,"limit":10,"totalPages":1}}
[2025-02-16 07:53:08] | info |: User - User documents fetched successfully  | data: {"results":3,"paginationResult":{"currentPage":1,"limit":10,"totalPages":1}}
[2025-02-16 07:54:33] | info |: User - User documents fetched successfully  | data: {"results":3,"paginationResult":{"currentPage":1,"limit":10,"totalPages":1}}
[2025-02-16 07:55:37] | info |: User - User documents fetched successfully  | data: {"results":3,"paginationResult":{"currentPage":1,"limit":10,"totalPages":1}}
[2025-02-16 08:26:15] | info |: User - User documents fetched successfully  | data: {"results":3,"paginationResult":{"currentPage":1,"limit":10,"totalPages":1}}
[2025-02-16 08:26:28] | info |: User - User document deleted successfully  | data: {"data":{"_id":"67b1787c018541af7b74bbb8","username":"Marcel","email":"marselwork29@gmail.com","password":"$2b$10$T/MNMguJUDgcpoTlt0Rae.GwIVHd/7DZbsf3Vde6AEd01aX3hytlm","role":"67a79adb2444ca132a82900e","status":"active","createdAt":"2025-02-16T05:32:44.094Z","updatedAt":"2025-02-16T05:55:28.300Z","__v":0,"resetPasswordExpire":"2025-02-16T06:00:28.297Z","resetPasswordToken":"434711"}}
[2025-02-16 08:26:36] | info |: User - User documents fetched successfully  | data: {"results":2,"paginationResult":{"currentPage":1,"limit":10,"totalPages":1}}
[2025-02-16 08:26:56] | info |: User - User documents fetched successfully  | data: {"results":2,"paginationResult":{"currentPage":1,"limit":10,"totalPages":1}}
[2025-02-16 08:27:14] | info |: User - User documents fetched successfully  | data: {"results":3,"paginationResult":{"currentPage":1,"limit":10,"totalPages":1}}
[2025-02-16 08:28:59] | info |: User - User documents fetched successfully  | data: {"results":3,"paginationResult":{"currentPage":1,"limit":10,"totalPages":1}}
[2025-02-16 08:29:06] | info |: User - User document deleted successfully  | data: {"data":{"_id":"67b1853d8aeb736e56fd8b54","username":"Marcel","email":"marselwork29@gmail.com","password":"$2b$10$u2sjHhMmDJJlyLJVjY.6V.i5ot97XnQUqPoDlNCeIajMY3R2a2aii","role":"67a79adb2444ca132a82900e","status":"active","createdAt":"2025-02-16T06:27:09.749Z","updatedAt":"2025-02-16T06:27:25.945Z","__v":0}}
[2025-02-16 08:30:06] | info |: User - User documents fetched successfully  | data: {"results":3,"paginationResult":{"currentPage":1,"limit":10,"totalPages":1}}
[2025-02-16 08:32:05] | info |: User - User documents fetched successfully  | data: {"results":3,"paginationResult":{"currentPage":1,"limit":10,"totalPages":1}}
[2025-02-16 08:33:56] | info |: User - User documents fetched successfully  | data: {"results":3,"paginationResult":{"currentPage":1,"limit":10,"totalPages":1}}
[2025-02-16 08:34:11] | info |: User - User documents fetched successfully  | data: {"results":3,"paginationResult":{"currentPage":1,"limit":10,"totalPages":1}}
[2025-02-16 08:35:38] | info |: User - User documents fetched successfully  | data: {"results":3,"paginationResult":{"currentPage":1,"limit":10,"totalPages":1}}
[2025-02-16 08:35:48] | info |: User - User document deleted successfully  | data: {"data":{"_id":"67b185e9d2422cd2ec662554","username":"Marcel","email":"marselwork29@gmail.com","password":"$2b$10$AGTHuyyL0MYYwevP.rSO6.fH2FmqawIa.dshKKXElR55aePAjhkf6","role":"67a79adb2444ca132a82900e","status":"active","createdAt":"2025-02-16T06:30:01.067Z","updatedAt":"2025-02-16T06:34:49.419Z","__v":0}}
[2025-02-16 08:36:24] | info |: User - User documents fetched successfully  | data: {"results":3,"paginationResult":{"currentPage":1,"limit":10,"totalPages":1}}
[2025-02-16 08:48:42] | info |: User - User documents fetched successfully  | data: {"results":3,"paginationResult":{"currentPage":1,"limit":10,"totalPages":1}}
[2025-02-16 08:48:51] | info |: User - User document deleted successfully  | data: {"data":{"_id":"67b1876093b4dc663c414a0f","username":"Marcel","email":"marselwork29@gmail.com","password":"$2b$10$efAgiL3pWevkerNe2uZL6.2sEI/UHb9wMlMJGgPy2z7X4hTac7IZi","role":"67a79adb2444ca132a82900e","status":"active","createdAt":"2025-02-16T06:36:16.350Z","updatedAt":"2025-02-16T06:36:36.645Z","__v":0}}
[2025-02-16 08:49:48] | info |: User - User documents fetched successfully  | data: {"results":3,"paginationResult":{"currentPage":1,"limit":10,"totalPages":1}}
[2025-02-16 08:50:41] | info |: User - User documents fetched successfully  | data: {"results":3,"paginationResult":{"currentPage":1,"limit":10,"totalPages":1}}
[2025-02-16 08:52:55] | info |: User - User documents fetched successfully  | data: {"results":3,"paginationResult":{"currentPage":1,"limit":10,"totalPages":1}}
[2025-02-16 08:53:11] | info |: User - User document deleted successfully  | data: {"data":{"_id":"67b18a6f025c1784b3e8c635","username":"Marcel","email":"marselWork29@gmail.com","password":"$2b$10$HpE/WkUGIPPe5PqfwwBHJOhfTIbGyr7DfRIWXulXL9r2lPu0tvvKi","role":"67a79adb2444ca132a82900e","status":"active","createdAt":"2025-02-16T06:49:19.954Z","updatedAt":"2025-02-16T06:52:18.546Z","__v":0}}
[2025-02-16 08:53:22] | info |: User - User documents fetched successfully  | data: {"results":3,"paginationResult":{"currentPage":1,"limit":10,"totalPages":1}}
[2025-02-16 08:54:00] | info |: User - User documents fetched successfully  | data: {"results":3,"paginationResult":{"currentPage":1,"limit":10,"totalPages":1}}
[2025-02-16 08:55:13] | info |: User - User documents fetched successfully  | data: {"results":3,"paginationResult":{"currentPage":1,"limit":10,"totalPages":1}}
[2025-02-16 08:55:55] | info |: User - User document deleted successfully  | data: {"data":{"_id":"67b18b5cbd5eb075108fdcf1","username":"Marcel","email":"marselWork29@gmail.com","password":"$2b$10$8Iu/ETy0JrUuc.B3ZknRbuCbvkuF8/78Yp3Yz4YM6OByXQhqTaxA.","role":"67a79adb2444ca132a82900e","status":"active","createdAt":"2025-02-16T06:53:16.686Z","updatedAt":"2025-02-16T06:53:32.135Z","__v":0}}
[2025-02-16 08:56:00] | info |: User - User documents fetched successfully  | data: {"results":2,"paginationResult":{"currentPage":1,"limit":10,"totalPages":1}}
[2025-02-16 08:56:17] | info |: User - User documents fetched successfully  | data: {"results":3,"paginationResult":{"currentPage":1,"limit":10,"totalPages":1}}
[2025-02-16 09:02:45] | info |: User - User documents fetched successfully  | data: {"results":3,"paginationResult":{"currentPage":1,"limit":10,"totalPages":1}}
[2025-02-16 09:02:54] | info |: User - User document deleted successfully  | data: {"data":{"_id":"67b18c068f3437ccb7d70416","username":"Marcel","email":"marselWork29@gmail.com","password":"$2b$10$kkSMd7dpUQuc40wtsirMS.3eh0E8OLOzqgftAO.R2nFbQSqFihJRS","role":"67a79adb2444ca132a82900e","status":"active","createdAt":"2025-02-16T06:56:06.683Z","updatedAt":"2025-02-16T06:56:34.808Z","__v":0}}
[2025-02-16 09:03:04] | info |: User - User documents fetched successfully  | data: {"results":3,"paginationResult":{"currentPage":1,"limit":10,"totalPages":1}}
[2025-02-16 09:06:37] | info |: User - User documents fetched successfully  | data: {"results":3,"paginationResult":{"currentPage":1,"limit":10,"totalPages":1}}
[2025-02-16 09:06:46] | info |: User - User document deleted successfully  | data: {"data":{"_id":"67b18da40283748d29bef5e2","username":"Marcel","email":"marselWork29@gmail.com","password":"$2b$10$6Zs.ZZCZIu9bFm2kZoT1HObmt4ZiUsjJWl95RuCWPzUs8oLX9fLny","role":"67a79adb2444ca132a82900e","status":"active","createdAt":"2025-02-16T07:03:00.034Z","updatedAt":"2025-02-16T07:03:11.997Z","__v":0}}
[2025-02-16 09:06:54] | info |: User - User documents fetched successfully  | data: {"results":3,"paginationResult":{"currentPage":1,"limit":10,"totalPages":1}}
[2025-02-16 09:11:14] | info |: User - User documents fetched successfully  | data: {"results":3,"paginationResult":{"currentPage":1,"limit":10,"totalPages":1}}
[2025-02-16 09:11:21] | info |: User - User document deleted successfully  | data: {"data":{"_id":"67b18e8b6d08801fd2b54802","username":"Marcel","email":"marselWork29@gmail.com","password":"$2b$10$0OVkrDXpirRSZFMPEiMHUetKQjSqttgswE.9lH.j0u3owTTWd/kiq","role":"67a79adb2444ca132a82900e","status":"active","createdAt":"2025-02-16T07:06:51.180Z","updatedAt":"2025-02-16T07:07:07.299Z","__v":0}}
[2025-02-16 09:11:31] | info |: User - User documents fetched successfully  | data: {"results":3,"paginationResult":{"currentPage":1,"limit":10,"totalPages":1}}
[2025-02-16 09:12:14] | info |: User - User documents fetched successfully  | data: {"results":3,"paginationResult":{"currentPage":1,"limit":10,"totalPages":1}}
[2025-02-16 09:12:24] | info |: User - User document deleted successfully  | data: {"data":{"_id":"67b18f9e340b75b8e36f9fbb","username":"Marcel","email":"marselWork29@gmail.com","password":"$2b$10$kx2ZuMNhJxTQpxhHhKClne3qgSBjYe1qAd8pARnoZX4ZgDeZ50qcm","role":"67a79adb2444ca132a82900e","status":"active","createdAt":"2025-02-16T07:11:26.486Z","updatedAt":"2025-02-16T07:11:40.145Z","__v":0}}
[2025-02-16 09:12:33] | info |: User - User documents fetched successfully  | data: {"results":3,"paginationResult":{"currentPage":1,"limit":10,"totalPages":1}}
[2025-02-16 09:13:50] | info |: User - User documents fetched successfully  | data: {"results":3,"paginationResult":{"currentPage":1,"limit":10,"totalPages":1}}
[2025-02-16 09:15:44] | info |: User - User documents fetched successfully  | data: {"results":3,"paginationResult":{"currentPage":1,"limit":10,"totalPages":1}}
[2025-02-16 09:18:54] | info |: User - User documents fetched successfully  | data: {"results":3,"paginationResult":{"currentPage":1,"limit":10,"totalPages":1}}
[2025-02-16 09:24:02] | info |: User - User documents fetched successfully  | data: {"results":3,"paginationResult":{"currentPage":1,"limit":10,"totalPages":1}}
[2025-02-16 09:24:15] | info |: User - User documents fetched successfully  | data: {"results":3,"paginationResult":{"currentPage":1,"limit":10,"totalPages":1}}
[2025-02-16 09:26:45] | info |: User - User documents fetched successfully  | data: {"results":3,"paginationResult":{"currentPage":1,"limit":10,"totalPages":1}}
[2025-02-16 09:27:02] | info |: User - User documents fetched successfully  | data: {"results":3,"paginationResult":{"currentPage":1,"limit":10,"totalPages":1}}
[2025-02-16 09:29:48] | info |: User - User documents fetched successfully  | data: {"results":3,"paginationResult":{"currentPage":1,"limit":10,"totalPages":1}}
[2025-02-16 09:30:14] | info |: User - User document deleted successfully  | data: {"data":{"_id":"67b18fdc7f0ec5c8d0559f06","username":"Marcel","email":"marselWork29@gmail.com","password":"$2b$10$BE1AEYJIc4f/B0CYt4qt9OZY.qwtDaM1.yUJIgpxThNmRvk4emCse","role":"67a79adb2444ca132a82900e","status":"active","createdAt":"2025-02-16T07:12:28.057Z","updatedAt":"2025-02-16T07:30:00.353Z","__v":0}}
[2025-02-16 09:30:44] | info |: User - User documents fetched successfully  | data: {"results":3,"paginationResult":{"currentPage":1,"limit":10,"totalPages":1}}
[2025-02-16 09:30:57] | info |: User - User documents fetched successfully  | data: {"results":3,"paginationResult":{"currentPage":1,"limit":10,"totalPages":1}}
[2025-02-17 18:27:51] | info |: User - User documents fetched successfully  | data: {"results":3,"paginationResult":{"currentPage":1,"limit":10,"totalPages":1}}
[2025-02-17 18:28:03] | info |: User - User document deleted successfully  | data: {"data":{"_id":"67b1941f3474915c11561fe1","username":"Marcel","email":"marselWork29@gmail.com","password":"$2b$10$mLqJqfREanlamCHALZ7VMeuUQaC28yAUZzzAFxn3y59QM0kZZq182","role":"67a79adb2444ca132a82900e","status":"active","createdAt":"2025-02-16T07:30:39.482Z","updatedAt":"2025-02-16T07:30:52.914Z","__v":0}}
[2025-02-17 18:29:39] | info |: User - User documents fetched successfully  | data: {"results":3,"paginationResult":{"currentPage":1,"limit":10,"totalPages":1}}
[2025-02-17 18:38:45] | info |: User - User documents fetched successfully  | data: {"results":3,"paginationResult":{"currentPage":1,"limit":10,"totalPages":1}}
[2025-02-17 18:38:58] | info |: User - User document deleted successfully  | data: {"data":{"_id":"67b363b9ef3acf96b7a4aeca","username":"Marcel","email":"marselWork29@gmail.com","password":"$2b$10$m4mNke4NicLfV2XUUclYqumZ5GK6LGJj5KlpN6cjEdIjQAmlYLRie","role":"67a79adb2444ca132a82900e","status":"active","verificationLink":"http://localhost:3000/api/v1/auth/verify-email?email=marselWork29@gmail.com","createdAt":"2025-02-17T16:28:41.622Z","updatedAt":"2025-02-17T16:29:06.831Z","__v":0}}
[2025-02-17 18:45:52] | info |: User - User documents fetched successfully  | data: {"results":3,"paginationResult":{"currentPage":1,"limit":10,"totalPages":1}}
[2025-02-17 18:45:59] | info |: User - User document deleted successfully  | data: {"data":{"_id":"67b366f58f57a8a6a338c746","username":"Marcel","email":"marselWork29@gmail.com","password":"$2b$10$fIR3hqwx1vGhvmxjFM2peubBasUN6XZBUDP4mdrtyDQRME5gOjYsq","role":"67a79adb2444ca132a82900e","status":"active","createdAt":"2025-02-17T16:42:29.009Z","updatedAt":"2025-02-17T16:42:41.461Z","__v":0}}
[2025-02-17 18:47:15] | info |: User - User documents fetched successfully  | data: {"results":3,"paginationResult":{"currentPage":1,"limit":10,"totalPages":1}}
[2025-02-18 18:19:24] | info |: User - User documents fetched successfully  | data: {"results":3,"paginationResult":{"currentPage":1,"limit":10,"totalPages":1}}
[2025-02-19 07:31:15] | info |: User - User documents fetched successfully  | data: {"results":3,"paginationResult":{"currentPage":1,"limit":10,"totalPages":1}}
